=====================================
每日热点文章更新操作日志
=====================================
执行时间: 2026-05-17 09:12
操作类型: 自动更新

【执行步骤】
1. [09:12] 搜索当日电动车热点文章和资讯
2. [09:12] 创建新的HTML新闻文章页面
3. [09:12] 更新sitemap.xml添加新文章链接
4. [09:12] 更新reviews.html添加文章入口
5. [09:12] 执行deploy.js推送到GitHub Pages

【创建的文件】
- news-20260517-12.html (2026年电动车行业三大变化趋势深度解析)

【更新的文件】
- sitemap.xml (添加news-20260517-12.html链接)
- reviews.html (添加新闻文章入口)

【文章信息】
标题: 2026年电动车行业三大变化趋势深度解析
来源: 新华社《中国电动两轮车消费趋势洞察报告（2026）》
发布时间: 2026年5月17日

【部署信息】
部署状态: 成功
网站地址: https://rushbike.top
GitHub仓库: yunen-jordan/ebike-guide

=====================================
