# 电动车视频日志 (videos.log)
# 记录视频卡片中引用的B站视频信息

## 2026-05-17 更新

### 视频卡片 #1
- BV号: BV1bv5e67EHv
- 标题: 【2026年6月电动车推荐】6月促销季，45款电动车全价位推荐，通勤代步首选 雅迪/绿源/台铃/新日/小刀
- UP主: 三弟来lo
- 播放量: 待获取
- 发布日期: 2026-05-15
- 来源: https://www.bilibili.com/video/BV1bv5e67EHv

### 视频卡片 #2
- BV号: BV1GE5T65ESw
- 标题: 【电动车推荐】618前夕 网购电动车避雷思路｜铅酸、锂电、石墨烯和钠电怎么选｜通勤党最该看的不是颜值而是续航衰减和补能成本｜2026.5电动车选购防坑指南
- UP主: CoCo小何
- 播放量: 6,372
- 发布日期: 2026-05-12
- 来源: https://www.bilibili.com/video/BV1GE5T65ESw

### 视频卡片 #3
- BV号: BV1sWRfBVEHp
- 标题: 【电动车推荐】2026年618新国标电动车选购推荐：从1000到7000全价位避坑攻略
- UP主: 小白选数码
- 播放量: 2.9万
- 发布日期: 2026-05-10
- 来源: https://www.bilibili.com/video/BV1sWRfBVEHp

---

## 2026-05-14 更新（已被替换）
- BV号: BV1p7596hER3 【618电动车专题】2026年5月·35款新国标电动车盘点｜从免驾照电自到电摩怎么选 - 39.4万播放 - Mark次元研究所

## 2026-05-10 更新（已被替换）
- BV号: BV1pCAnzsE2P 【国补电动车推荐】2026年4月电动车选购攻略
- BV号: BV1CwZ1YHE8D 【电动自行车】人民的电动车选购指南

## 2026-05-09 更新（已被替换）
- BV号: BV1LeWizuESp 4千档铅酸电摩终极横评（108万播放）
